
> next_temp@0.1.0 build
> next build

Ôû▓ Next.js 16.1.6 (Turbopack)

  Creating an optimized production build ...
Ô£ô Compiled successfully in 4.2s
  Running TypeScript ...
  Collecting page data using 11 workers ...
  Generating static pages using 11 workers (0/18) ...
  Generating static pages using 11 workers (4/18) 
  Generating static pages using 11 workers (8/18) 
  Generating static pages using 11 workers (13/18) 
Ô£ô Generating static pages using 11 workers (18/18) in 492.0ms
  Finalizing page optimization ...

Route (app)
Ôöî Ôùï /
Ôö£ Ôùï /_not-found
Ôö£ Ôùï /about
Ôö£ Ôùï /apple-icon.png
Ôö£ Ôùï /blog
Ôö£ Ôùï /contact
Ôö£ Ôùï /cookies
Ôö£ Ôùï /icon.png
Ôö£ Ôùï /portfolio
Ôö£ Ôùï /privacy
Ôö£ Ôùï /services
Ôö£ ÔùÅ /services/[slug]
Ôöé Ôö£ /services/custom-website
Ôöé Ôö£ /services/web-app-development
Ôöé Ôö£ /services/landing-page
Ôöé Ôöö [+2 more paths]
Ôöö Ôùï /terms


Ôùï  (Static)  prerendered as static content
ÔùÅ  (SSG)     prerendered as static HTML (uses generateStaticParams)

